<?xml version="1.0" encoding="UTF-8"?>
<!-- Generated by org.testng.reporters.JUnitReportReporter -->
<testsuite skipped="0" hostname="DESKTOP-JH3KT97" name="Movie" tests="1" failures="0" timestamp="14 Sep 2022 11:19:50 GMT" time="13.804" errors="0">
  <testcase name="test" time="13.804" classname="Movie"/>
</testsuite> <!-- Movie -->
